2025-04-13 22:23:05,388 - INFO: EEG data loaded successfully
2025-04-13 22:23:05,851 - INFO: Band-pass filtering applied
2025-04-13 22:23:06,362 - INFO: Data normalization completed successfully
2025-04-13 22:23:06,568 - INFO: Segmented into 3935 epochs
2025-04-13 22:23:10,997 - INFO: Preprocessing visualization saved successfully
2025-04-13 22:23:10,997 - INFO: Preprocessing pipeline completed successfully
2025-04-13 22:24:04,883 - INFO: Using categorical units to plot a list of strings that are all parsable as floats or dates. If these strings should be plotted as numbers, cast to the appropriate data type before plotting.
2025-04-13 22:24:04,904 - INFO: Using categorical units to plot a list of strings that are all parsable as floats or dates. If these strings should be plotted as numbers, cast to the appropriate data type before plotting.
2025-04-13 22:44:10,000 - INFO: EEG data loaded successfully
2025-04-13 22:44:10,380 - INFO: Band-pass filtering applied
2025-04-13 22:44:11,059 - INFO: Data normalization completed successfully
2025-04-13 22:44:11,310 - INFO: Segmented into 3935 epochs
2025-04-13 22:44:16,412 - INFO: Preprocessing visualization saved
2025-04-13 22:44:16,416 - INFO: Preprocessing pipeline completed successfully
2025-04-13 22:44:57,458 - INFO: Using categorical units to plot a list of strings that are all parsable as floats or dates. If these strings should be plotted as numbers, cast to the appropriate data type before plotting.
2025-04-13 22:44:57,461 - INFO: Using categorical units to plot a list of strings that are all parsable as floats or dates. If these strings should be plotted as numbers, cast to the appropriate data type before plotting.
2025-04-13 22:45:38,736 - INFO: EEG data loaded successfully
2025-04-13 22:45:39,057 - INFO: Band-pass filtering applied
2025-04-13 22:45:39,649 - INFO: Data normalization completed successfully
2025-04-13 22:45:39,851 - INFO: Segmented into 3935 epochs
2025-04-13 22:45:44,634 - INFO: Preprocessing visualization saved
2025-04-13 22:45:44,634 - INFO: Preprocessing pipeline completed successfully
2025-04-13 22:46:29,795 - INFO: Using categorical units to plot a list of strings that are all parsable as floats or dates. If these strings should be plotted as numbers, cast to the appropriate data type before plotting.
2025-04-13 22:46:29,796 - INFO: Using categorical units to plot a list of strings that are all parsable as floats or dates. If these strings should be plotted as numbers, cast to the appropriate data type before plotting.
